procdata/CN/real/can_External/00/2023/06/18/23/
procdata/CN/real/can_External/01/2023/06/18/23/
procdata/CN/real/can_External/02/2023/06/18/23/
procdata/CN/real/can_External/03/2023/06/18/23/
procdata/CN/real/can_External/04/2023/06/18/23/
procdata/CN/real/can_External/05/2023/06/18/23/
procdata/CN/real/can_External/06/2023/06/18/23/
procdata/CN/real/can_External/07/2023/06/18/23/
procdata/CN/real/can_External/08/2023/06/18/23/
procdata/CN/real/can_External/09/2023/06/18/23/
procdata/CN/real/can_External/0a/2023/06/18/23/
procdata/CN/real/can_External/0b/2023/06/18/23/
procdata/CN/real/can_External/0c/2023/06/18/23/
procdata/CN/real/can_External/0d/2023/06/18/23/
procdata/CN/real/can_External/0e/2023/06/18/23/
procdata/CN/real/can_External/0f/2023/06/18/23/
procdata/CN/real/can_External/10/2023/06/18/23/
procdata/CN/real/can_External/11/2023/06/18/23/
procdata/CN/real/can_External/12/2023/06/18/23/
procdata/CN/real/can_External/13/2023/06/18/23/
procdata/CN/real/can_External/14/2023/06/18/23/
procdata/CN/real/can_External/15/2023/06/18/23/
procdata/CN/real/can_External/16/2023/06/18/23/
procdata/CN/real/can_External/17/2023/06/18/23/
procdata/CN/real/can_External/18/2023/06/18/23/
procdata/CN/real/can_External/19/2023/06/18/23/
procdata/CN/real/can_External/1a/2023/06/18/23/
procdata/CN/real/can_External/1b/2023/06/18/23/
procdata/CN/real/can_External/1c/2023/06/18/23/
procdata/CN/real/can_External/1d/2023/06/18/23/
procdata/CN/real/can_External/1e/2023/06/18/23/
procdata/CN/real/can_External/1f/2023/06/18/23/
procdata/CN/real/can_External/20/2023/06/18/23/
procdata/CN/real/can_External/21/2023/06/18/23/
procdata/CN/real/can_External/22/2023/06/18/23/
procdata/CN/real/can_External/23/2023/06/18/23/
procdata/CN/real/can_External/24/2023/06/18/23/
procdata/CN/real/can_External/25/2023/06/18/23/
procdata/CN/real/can_External/26/2023/06/18/23/
procdata/CN/real/can_External/27/2023/06/18/23/
procdata/CN/real/can_External/28/2023/06/18/23/
procdata/CN/real/can_External/29/2023/06/18/23/
procdata/CN/real/can_External/2a/2023/06/18/23/
procdata/CN/real/can_External/2b/2023/06/18/23/
procdata/CN/real/can_External/2c/2023/06/18/23/
procdata/CN/real/can_External/2d/2023/06/18/23/
procdata/CN/real/can_External/2e/2023/06/18/23/
procdata/CN/real/can_External/2f/2023/06/18/23/
procdata/CN/real/can_External/30/2023/06/18/23/
procdata/CN/real/can_External/31/2023/06/18/23/
procdata/CN/real/can_External/32/2023/06/18/23/
procdata/CN/real/can_External/33/2023/06/18/23/
procdata/CN/real/can_External/34/2023/06/18/23/
procdata/CN/real/can_External/35/2023/06/18/23/
procdata/CN/real/can_External/36/2023/06/18/23/
procdata/CN/real/can_External/37/2023/06/18/23/
procdata/CN/real/can_External/38/2023/06/18/23/
procdata/CN/real/can_External/39/2023/06/18/23/
procdata/CN/real/can_External/3a/2023/06/18/23/
procdata/CN/real/can_External/3b/2023/06/18/23/
procdata/CN/real/can_External/3c/2023/06/18/23/
procdata/CN/real/can_External/3d/2023/06/18/23/
procdata/CN/real/can_External/3e/2023/06/18/23/
procdata/CN/real/can_External/3f/2023/06/18/23/
procdata/CN/real/can_External/40/2023/06/18/23/
procdata/CN/real/can_External/41/2023/06/18/23/
procdata/CN/real/can_External/42/2023/06/18/23/
procdata/CN/real/can_External/43/2023/06/18/23/
procdata/CN/real/can_External/44/2023/06/18/23/
procdata/CN/real/can_External/45/2023/06/18/23/
procdata/CN/real/can_External/46/2023/06/18/23/
procdata/CN/real/can_External/47/2023/06/18/23/
procdata/CN/real/can_External/48/2023/06/18/23/
procdata/CN/real/can_External/49/2023/06/18/23/
procdata/CN/real/can_External/4a/2023/06/18/23/
procdata/CN/real/can_External/4b/2023/06/18/23/
procdata/CN/real/can_External/4c/2023/06/18/23/
procdata/CN/real/can_External/4d/2023/06/18/23/
procdata/CN/real/can_External/4e/2023/06/18/23/
procdata/CN/real/can_External/4f/2023/06/18/23/
procdata/CN/real/can_External/50/2023/06/18/23/
procdata/CN/real/can_External/51/2023/06/18/23/
procdata/CN/real/can_External/52/2023/06/18/23/
procdata/CN/real/can_External/53/2023/06/18/23/
procdata/CN/real/can_External/54/2023/06/18/23/
procdata/CN/real/can_External/55/2023/06/18/23/
procdata/CN/real/can_External/56/2023/06/18/23/
procdata/CN/real/can_External/57/2023/06/18/23/
procdata/CN/real/can_External/58/2023/06/18/23/
procdata/CN/real/can_External/59/2023/06/18/23/
procdata/CN/real/can_External/5a/2023/06/18/23/
procdata/CN/real/can_External/5b/2023/06/18/23/
procdata/CN/real/can_External/5c/2023/06/18/23/
procdata/CN/real/can_External/5d/2023/06/18/23/
procdata/CN/real/can_External/5e/2023/06/18/23/
procdata/CN/real/can_External/5f/2023/06/18/23/
procdata/CN/real/can_External/60/2023/06/18/23/
procdata/CN/real/can_External/61/2023/06/18/23/
procdata/CN/real/can_External/62/2023/06/18/23/
procdata/CN/real/can_External/63/2023/06/18/23/
procdata/CN/real/can_External/64/2023/06/18/23/
procdata/CN/real/can_External/65/2023/06/18/23/
procdata/CN/real/can_External/66/2023/06/18/23/
procdata/CN/real/can_External/67/2023/06/18/23/
procdata/CN/real/can_External/68/2023/06/18/23/
procdata/CN/real/can_External/69/2023/06/18/23/
procdata/CN/real/can_External/6a/2023/06/18/23/
procdata/CN/real/can_External/6b/2023/06/18/23/
procdata/CN/real/can_External/6c/2023/06/18/23/
procdata/CN/real/can_External/6d/2023/06/18/23/
procdata/CN/real/can_External/6e/2023/06/18/23/
procdata/CN/real/can_External/6f/2023/06/18/23/
procdata/CN/real/can_External/70/2023/06/18/23/
procdata/CN/real/can_External/71/2023/06/18/23/
procdata/CN/real/can_External/72/2023/06/18/23/
procdata/CN/real/can_External/73/2023/06/18/23/
procdata/CN/real/can_External/74/2023/06/18/23/
procdata/CN/real/can_External/75/2023/06/18/23/
procdata/CN/real/can_External/76/2023/06/18/23/
procdata/CN/real/can_External/77/2023/06/18/23/
procdata/CN/real/can_External/78/2023/06/18/23/
procdata/CN/real/can_External/79/2023/06/18/23/
procdata/CN/real/can_External/7a/2023/06/18/23/
procdata/CN/real/can_External/7b/2023/06/18/23/
procdata/CN/real/can_External/7c/2023/06/18/23/
procdata/CN/real/can_External/7d/2023/06/18/23/
procdata/CN/real/can_External/7e/2023/06/18/23/
procdata/CN/real/can_External/7f/2023/06/18/23/
procdata/CN/real/can_External/80/2023/06/18/23/
procdata/CN/real/can_External/81/2023/06/18/23/
procdata/CN/real/can_External/82/2023/06/18/23/
procdata/CN/real/can_External/83/2023/06/18/23/
procdata/CN/real/can_External/84/2023/06/18/23/
procdata/CN/real/can_External/85/2023/06/18/23/
procdata/CN/real/can_External/86/2023/06/18/23/
procdata/CN/real/can_External/87/2023/06/18/23/
procdata/CN/real/can_External/88/2023/06/18/23/
procdata/CN/real/can_External/89/2023/06/18/23/
procdata/CN/real/can_External/8a/2023/06/18/23/
procdata/CN/real/can_External/8b/2023/06/18/23/
procdata/CN/real/can_External/8c/2023/06/18/23/
procdata/CN/real/can_External/8d/2023/06/18/23/
procdata/CN/real/can_External/8e/2023/06/18/23/
procdata/CN/real/can_External/8f/2023/06/18/23/
procdata/CN/real/can_External/90/2023/06/18/23/
procdata/CN/real/can_External/91/2023/06/18/23/
procdata/CN/real/can_External/92/2023/06/18/23/
procdata/CN/real/can_External/93/2023/06/18/23/
procdata/CN/real/can_External/94/2023/06/18/23/
procdata/CN/real/can_External/95/2023/06/18/23/
procdata/CN/real/can_External/96/2023/06/18/23/
procdata/CN/real/can_External/97/2023/06/18/23/
procdata/CN/real/can_External/98/2023/06/18/23/
procdata/CN/real/can_External/99/2023/06/18/23/
procdata/CN/real/can_External/9a/2023/06/18/23/
procdata/CN/real/can_External/9b/2023/06/18/23/
procdata/CN/real/can_External/9c/2023/06/18/23/
procdata/CN/real/can_External/9d/2023/06/18/23/
procdata/CN/real/can_External/9e/2023/06/18/23/
procdata/CN/real/can_External/9f/2023/06/18/23/
procdata/CN/real/can_External/a0/2023/06/18/23/
procdata/CN/real/can_External/a1/2023/06/18/23/
procdata/CN/real/can_External/a2/2023/06/18/23/
procdata/CN/real/can_External/a3/2023/06/18/23/
procdata/CN/real/can_External/a4/2023/06/18/23/
procdata/CN/real/can_External/a5/2023/06/18/23/
procdata/CN/real/can_External/a6/2023/06/18/23/
procdata/CN/real/can_External/a7/2023/06/18/23/
procdata/CN/real/can_External/a8/2023/06/18/23/
procdata/CN/real/can_External/a9/2023/06/18/23/
procdata/CN/real/can_External/aa/2023/06/18/23/
procdata/CN/real/can_External/ab/2023/06/18/23/
procdata/CN/real/can_External/ac/2023/06/18/23/
procdata/CN/real/can_External/ad/2023/06/18/23/
procdata/CN/real/can_External/ae/2023/06/18/23/
procdata/CN/real/can_External/af/2023/06/18/23/
procdata/CN/real/can_External/b0/2023/06/18/23/
procdata/CN/real/can_External/b1/2023/06/18/23/
procdata/CN/real/can_External/b2/2023/06/18/23/
procdata/CN/real/can_External/b3/2023/06/18/23/
procdata/CN/real/can_External/b4/2023/06/18/23/
procdata/CN/real/can_External/b5/2023/06/18/23/
procdata/CN/real/can_External/b6/2023/06/18/23/
procdata/CN/real/can_External/b7/2023/06/18/23/
procdata/CN/real/can_External/b8/2023/06/18/23/
procdata/CN/real/can_External/b9/2023/06/18/23/
procdata/CN/real/can_External/ba/2023/06/18/23/
procdata/CN/real/can_External/bb/2023/06/18/23/
procdata/CN/real/can_External/bc/2023/06/18/23/
procdata/CN/real/can_External/bd/2023/06/18/23/
procdata/CN/real/can_External/be/2023/06/18/23/
procdata/CN/real/can_External/bf/2023/06/18/23/
procdata/CN/real/can_External/c0/2023/06/18/23/
procdata/CN/real/can_External/c1/2023/06/18/23/
procdata/CN/real/can_External/c2/2023/06/18/23/
procdata/CN/real/can_External/c3/2023/06/18/23/
procdata/CN/real/can_External/c4/2023/06/18/23/
procdata/CN/real/can_External/c5/2023/06/18/23/
procdata/CN/real/can_External/c6/2023/06/18/23/
procdata/CN/real/can_External/c7/2023/06/18/23/
procdata/CN/real/can_External/c8/2023/06/18/23/
procdata/CN/real/can_External/c9/2023/06/18/23/
procdata/CN/real/can_External/ca/2023/06/18/23/
procdata/CN/real/can_External/cb/2023/06/18/23/
procdata/CN/real/can_External/cc/2023/06/18/23/
procdata/CN/real/can_External/cd/2023/06/18/23/
procdata/CN/real/can_External/ce/2023/06/18/23/
procdata/CN/real/can_External/cf/2023/06/18/23/
procdata/CN/real/can_External/d0/2023/06/18/23/
procdata/CN/real/can_External/d1/2023/06/18/23/
procdata/CN/real/can_External/d2/2023/06/18/23/
procdata/CN/real/can_External/d3/2023/06/18/23/
procdata/CN/real/can_External/d4/2023/06/18/23/
procdata/CN/real/can_External/d5/2023/06/18/23/
procdata/CN/real/can_External/d6/2023/06/18/23/
procdata/CN/real/can_External/d7/2023/06/18/23/
procdata/CN/real/can_External/d8/2023/06/18/23/
procdata/CN/real/can_External/d9/2023/06/18/23/
procdata/CN/real/can_External/da/2023/06/18/23/
procdata/CN/real/can_External/db/2023/06/18/23/
procdata/CN/real/can_External/dc/2023/06/18/23/
procdata/CN/real/can_External/dd/2023/06/18/23/
procdata/CN/real/can_External/de/2023/06/18/23/
procdata/CN/real/can_External/df/2023/06/18/23/
procdata/CN/real/can_External/e0/2023/06/18/23/
procdata/CN/real/can_External/e1/2023/06/18/23/
procdata/CN/real/can_External/e2/2023/06/18/23/
procdata/CN/real/can_External/e3/2023/06/18/23/
procdata/CN/real/can_External/e4/2023/06/18/23/
procdata/CN/real/can_External/e5/2023/06/18/23/
procdata/CN/real/can_External/e6/2023/06/18/23/
procdata/CN/real/can_External/e7/2023/06/18/23/
procdata/CN/real/can_External/e8/2023/06/18/23/
procdata/CN/real/can_External/e9/2023/06/18/23/
procdata/CN/real/can_External/ea/2023/06/18/23/
procdata/CN/real/can_External/eb/2023/06/18/23/
procdata/CN/real/can_External/ec/2023/06/18/23/
procdata/CN/real/can_External/ed/2023/06/18/23/
procdata/CN/real/can_External/ee/2023/06/18/23/
procdata/CN/real/can_External/ef/2023/06/18/23/
procdata/CN/real/can_External/f0/2023/06/18/23/
procdata/CN/real/can_External/f1/2023/06/18/23/
procdata/CN/real/can_External/f2/2023/06/18/23/
procdata/CN/real/can_External/f3/2023/06/18/23/
procdata/CN/real/can_External/f4/2023/06/18/23/
procdata/CN/real/can_External/f5/2023/06/18/23/
procdata/CN/real/can_External/f6/2023/06/18/23/
procdata/CN/real/can_External/f7/2023/06/18/23/
procdata/CN/real/can_External/f8/2023/06/18/23/
procdata/CN/real/can_External/f9/2023/06/18/23/
procdata/CN/real/can_External/fa/2023/06/18/23/
procdata/CN/real/can_External/fb/2023/06/18/23/
procdata/CN/real/can_External/fc/2023/06/18/23/
procdata/CN/real/can_External/fd/2023/06/18/23/
procdata/CN/real/can_External/fe/2023/06/18/23/
procdata/CN/real/can_External/ff/2023/06/18/23/
